<?xml version="1.0" encoding="UTF-8"?>
<!-- Generated by org.testng.reporters.JUnitReportReporter -->
<testsuite hostname="HoangMai" name="testUser.tcAddUser" tests="1" failures="0" timestamp="20 Mar 2016 03:59:52 GMT" time="10.406" errors="0">
  <testcase name="testAddUser" time="10.406" classname="testUser.tcAddUser"/>
</testsuite> <!-- testUser.tcAddUser -->
