<?xml version="1.0" encoding="UTF-8"?>
<!-- Generated by org.testng.reporters.JUnitReportReporter -->
<testsuite hostname="HoangMai" name="testUser.tcLoginUser_POI" tests="1" failures="0" timestamp="20 Mar 2016 05:27:46 GMT" time="7.003" errors="0">
  <testcase name="testLogin" time="7.003" classname="testUser.tcLoginUser_POI"/>
</testsuite> <!-- testUser.tcLoginUser_POI -->
